Removed Pin From Net: NetName=GND Pin=Cn3-1
Removed Pin From Net: NetName=GND Pin=Cn4-1
Removed Pin From Net: NetName=GND Pin=Cn7-1
Removed Pin From Net: NetName=GND Pin=Cn8-1
Removed Pin From Net: NetName=GND Pin=CnA-1
Removed Pin From Net: NetName=VDD_3V0 Pin=Rn6-2
Removed Pin From Net: NetName=GND Pin=Rn7-2
Removed Pin From Net: NetName=GND Pin=Rn8-1
Removed Pin From Net: NetName=C2N2_V Pin=RnD-2
Removed Pin From Net: NetName=C2N2_D Pin=RnE-2
Removed Pin From Net: NetName=GND Pin=RnG-1
Removed Pin From Net: NetName=NM2_REF Pin=RnG-2
Removed Pin From Net: NetName=GND Pin=U5-3
Removed Pin From Net: NetName=VDD_3V0 Pin=U5-4
Removed Pin From Net: NetName=GND Pin=U5-5
Removed Pin From Net: NetName=N2_E32 Pin=U5-12
Removed Pin From Net: NetName=N2_E33 Pin=U5-13
Removed Pin From Net: NetName=N2_E34 Pin=U5-14
Removed Pin From Net: NetName=N2_E35 Pin=U5-15
Removed Pin From Net: NetName=N2_E36 Pin=U5-16
Removed Pin From Net: NetName=N2_E37 Pin=U5-17
Removed Pin From Net: NetName=N2_E38 Pin=U5-18
Removed Pin From Net: NetName=N2_E39 Pin=U5-19
Removed Pin From Net: NetName=N2_E40 Pin=U5-20
Removed Pin From Net: NetName=N2_E41 Pin=U5-21
Removed Pin From Net: NetName=N2_E42 Pin=U5-22
Removed Pin From Net: NetName=N2_E43 Pin=U5-23
Removed Pin From Net: NetName=N2_E44 Pin=U5-24
Removed Pin From Net: NetName=N2_E45 Pin=U5-25
Removed Pin From Net: NetName=N2_E46 Pin=U5-26
Removed Pin From Net: NetName=N2_E47 Pin=U5-27
Removed Pin From Net: NetName=N2_E48 Pin=U5-28
Removed Pin From Net: NetName=N2_E49 Pin=U5-29
Removed Pin From Net: NetName=N2_E50 Pin=U5-30
Removed Pin From Net: NetName=N2_E51 Pin=U5-31
Removed Pin From Net: NetName=N2_E52 Pin=U5-32
Removed Pin From Net: NetName=N2_E53 Pin=U5-33
Removed Pin From Net: NetName=N2_E54 Pin=U5-34
Removed Pin From Net: NetName=N2_E55 Pin=U5-35
Removed Pin From Net: NetName=N2_E56 Pin=U5-36
Removed Pin From Net: NetName=N2_E57 Pin=U5-37
Removed Pin From Net: NetName=N2_E58 Pin=U5-38
Removed Pin From Net: NetName=N2_E59 Pin=U5-39
Removed Pin From Net: NetName=N2_E60 Pin=U5-40
Removed Pin From Net: NetName=N2_E61 Pin=U5-41
Removed Pin From Net: NetName=N2_E62 Pin=U5-42
Removed Pin From Net: NetName=N2_E63 Pin=U5-43
Removed Pin From Net: NetName=NM2_REF Pin=U5-44
Removed Pin From Net: NetName=GND Pin=U5-50
Removed Pin From Net: NetName=N2_E31 Pin=U5-53
Removed Pin From Net: NetName=N2_E30 Pin=U5-54
Removed Pin From Net: NetName=N2_E29 Pin=U5-55
Removed Pin From Net: NetName=N2_E28 Pin=U5-56
Removed Pin From Net: NetName=N2_E27 Pin=U5-57
Removed Pin From Net: NetName=N2_E26 Pin=U5-58
Removed Pin From Net: NetName=N2_E25 Pin=U5-59
Removed Pin From Net: NetName=N2_E24 Pin=U5-60
Removed Pin From Net: NetName=N2_E23 Pin=U5-61
Removed Pin From Net: NetName=N2_E22 Pin=U5-62
Removed Pin From Net: NetName=N2_E21 Pin=U5-63
Removed Pin From Net: NetName=N2_E20 Pin=U5-64
Removed Pin From Net: NetName=N2_E19 Pin=U5-65
Removed Pin From Net: NetName=N2_E18 Pin=U5-66
Removed Pin From Net: NetName=N2_E17 Pin=U5-67
Removed Pin From Net: NetName=N2_E16 Pin=U5-68
Removed Pin From Net: NetName=N2_E15 Pin=U5-69
Removed Pin From Net: NetName=N2_E14 Pin=U5-70
Removed Pin From Net: NetName=N2_E13 Pin=U5-71
Removed Pin From Net: NetName=N2_E12 Pin=U5-72
Removed Pin From Net: NetName=N2_E11 Pin=U5-73
Removed Pin From Net: NetName=N2_E10 Pin=U5-74
Removed Pin From Net: NetName=N2_E09 Pin=U5-75
Removed Pin From Net: NetName=N2_E08 Pin=U5-76
Removed Pin From Net: NetName=N2_E07 Pin=U5-77
Removed Pin From Net: NetName=N2_E06 Pin=U5-78
Removed Pin From Net: NetName=N2_E05 Pin=U5-79
Removed Pin From Net: NetName=N2_E04 Pin=U5-80
Removed Pin From Net: NetName=N2_E03 Pin=U5-81
Removed Pin From Net: NetName=N2_E02 Pin=U5-82
Removed Pin From Net: NetName=N2_E01 Pin=U5-83
Removed Pin From Net: NetName=N2_E00 Pin=U5-84
Removed Pin From Net: NetName=GND Pin=Un4-2
Removed Pin From Net: NetName=N22C_D Pin=Un4-3
Removed Pin From Net: NetName=VDD_1V2 Pin=Un4-5
Removed Pin From Net: NetName=N22C_D Pin=Un4-6
Removed Pin From Net: NetName=VDD_1V8 Pin=Un6-A1
Removed Pin From Net: NetName=VDD_3V0 Pin=Un6-A2
Removed Pin From Net: NetName=GND Pin=Un6-B1
Removed Pin From Net: NetName=VDD_1V8 Pin=Un6-B2
Removed Pin From Net: NetName=N2_CLK Pin=Un6-C1
Removed Member From Class: ClassName=FlexEMG_v0r0_NM Member=Cn3
Removed Member From Class: ClassName=FlexEMG_v0r0_NM Member=Cn4
Removed Member From Class: ClassName=FlexEMG_v0r0_NM Member=Cn7
Removed Member From Class: ClassName=FlexEMG_v0r0_NM Member=Cn8
Removed Member From Class: ClassName=FlexEMG_v0r0_NM Member=CnA
Removed Member From Class: ClassName=FlexEMG_v0r0_NM Member=Rn5
Removed Member From Class: ClassName=FlexEMG_v0r0_NM Member=Rn6
Removed Member From Class: ClassName=FlexEMG_v0r0_NM Member=Rn7
Removed Member From Class: ClassName=FlexEMG_v0r0_NM Member=Rn8
Removed Member From Class: ClassName=FlexEMG_v0r0_NM Member=RnA
Removed Member From Class: ClassName=FlexEMG_v0r0_NM Member=RnD
Removed Member From Class: ClassName=FlexEMG_v0r0_NM Member=RnE
Removed Member From Class: ClassName=FlexEMG_v0r0_NM Member=RnG
Removed Member From Class: ClassName=FlexEMG_v0r0_NM Member=U5
Removed Member From Class: ClassName=FlexEMG_v0r0_NM Member=Un4
Removed Member From Class: ClassName=FlexEMG_v0r0_NM Member=Un6
