Change Component Comment : Designator=Re8 Old Comment=ERJ-2GEJ151X New Comment=ERJ-PA2J151X
Change Component Comment : Designator=Rc6 Old Comment=ERJ-2RKF33R0X New Comment=ERJ-PA2J330X
Change Component Comment : Designator=Rc9 Old Comment=ERJ-2RKF33R0X New Comment=ERJ-PA2J330X
Change Component Comment : Designator=RcA Old Comment=ERJ-2RKF33R0X New Comment=ERJ-PA2J330X
Change Component Comment : Designator=RcB Old Comment=ERJ-2RKF33R0X New Comment=ERJ-PA2J330X
Change Component Comment : Designator=Rr0 Old Comment=ERJ-2RKF33R0X New Comment=ERJ-PA2J330X
Change Component Comment : Designator=Rr1 Old Comment=ERJ-2RKF33R0X New Comment=ERJ-PA2J330X
Change Component Comment : Designator=Rr2 Old Comment=ERJ-2RKF33R0X New Comment=ERJ-PA2J330X
Change Component Comment : Designator=Rr3 Old Comment=ERJ-2RKF33R0X New Comment=ERJ-PA2J330X
Change Component Comment : Designator=Rd4 Old Comment=ERJ-2RKF1000X New Comment=ERJ-PA2F1000X
Change Component Comment : Designator=Rn3 Old Comment=ERJ-2RKF4993X New Comment=ERJ-2RKF5103X
Change Component Comment : Designator=Rn7 Old Comment=ERJ-2RKF4993X New Comment=ERJ-2RKF5103X
Change Component Comment : Designator=C15 Old Comment=GRM033C71C104ME14D New Comment=GRM033R6YA104KE14D
Change Component Comment : Designator=C16 Old Comment=GRM033C71C104ME14D New Comment=GRM033R6YA104KE14D
Change Component Comment : Designator=C17 Old Comment=GRM033C71C104ME14D New Comment=GRM033R6YA104KE14D
Change Component Comment : Designator=C19 Old Comment=GRM033C71C104ME14D New Comment=GRM033R6YA104KE14D
Change Component Comment : Designator=Cb1 Old Comment=GRM033C71C104ME14D New Comment=GRM033R6YA104KE14D
Change Component Comment : Designator=Cb2 Old Comment=GRM033C71C104ME14D New Comment=GRM033R6YA104KE14D
Change Component Comment : Designator=Cb3 Old Comment=GRM033C71C104ME14D New Comment=GRM033R6YA104KE14D
Change Component Comment : Designator=Cb4 Old Comment=GRM033C71C104ME14D New Comment=GRM033R6YA104KE14D
Change Component Comment : Designator=Cb5 Old Comment=GRM033C71C104ME14D New Comment=GRM033R6YA104KE14D
Change Component Comment : Designator=Cb6 Old Comment=GRM033C71C104ME14D New Comment=GRM033R6YA104KE14D
Change Component Comment : Designator=Cb7 Old Comment=GRM033C71C104ME14D New Comment=GRM033R6YA104KE14D
Change Component Comment : Designator=Cb8 Old Comment=GRM033C71C104ME14D New Comment=GRM033R6YA104KE14D
Change Component Comment : Designator=Cb9 Old Comment=GRM033C71C104ME14D New Comment=GRM033R6YA104KE14D
Change Component Comment : Designator=Cb10 Old Comment=GRM033C71C104ME14D New Comment=GRM033R6YA104KE14D
Change Component Comment : Designator=Cb11 Old Comment=GRM033C71C104ME14D New Comment=GRM033R6YA104KE14D
Change Component Comment : Designator=Cb12 Old Comment=GRM033C71C104ME14D New Comment=GRM033R6YA104KE14D
Change Component Comment : Designator=Cb60 Old Comment=GRM033C71C104ME14D New Comment=GRM033R6YA104KE14D
Change Component Comment : Designator=Cd2 Old Comment=GRM033C71C104ME14D New Comment=GRM033R6YA104KE14D
Change Component Comment : Designator=C33 Old Comment=GRM188R61A226ME15D New Comment=GRM187R61A226ME15D
Change Component Comment : Designator=C57 Old Comment=GRM188R61A226ME15D New Comment=GRM187R61A226ME15D
Change Component Comment : Designator=C79 Old Comment=GRM188R61A226ME15D New Comment=GRM187R61A226ME15D
Change Component Comment : Designator=Cb30 Old Comment=GRM188R61A226ME15D New Comment=GRM187R61A226ME15D
Change Component Comment : Designator=Cb50 Old Comment=GRM188R61A226ME15D New Comment=GRM187R61A226ME15D
Change Component Comment : Designator=Cb80 Old Comment=GRM188R61A226ME15D New Comment=GRM187R61A226ME15D
Change Component Comment : Designator=CbB0 Old Comment=GRM188R61A226ME15D New Comment=GRM187R61A226ME15D
Change Component Comment : Designator=C18 Old Comment=GRM188R61E106MA73J New Comment=GRM188R61E106MA73D
Change Component Comment : Designator=CbA0 Old Comment=GRM188R61E106MA73J New Comment=GRM188R61E106MA73D
Change Component Comment : Designator=Cd1 Old Comment=GRM188R61E106MA73J New Comment=GRM188R61E106MA73D
Change Component Comment : Designator=Cn2 Old Comment=GRM188R61E106MA73J New Comment=GRM188R61E106MA73D
Change Component Comment : Designator=Cn4 Old Comment=GRM188R61E106MA73J New Comment=GRM188R61E106MA73D
Change Component Comment : Designator=Cs2 Old Comment=GRM188R61E106MA73J New Comment=GRM188R61E106MA73D
Change Component Comment : Designator=Cs4 Old Comment=GRM188R61E106MA73J New Comment=GRM188R61E106MA73D
Change Component Comment : Designator=Cs6 Old Comment=GRM188R61E106MA73J New Comment=GRM188R61E106MA73D
Change Component Comment : Designator=Cs8 Old Comment=GRM188R61E106MA73J New Comment=GRM188R61E106MA73D
