Removed Pin From Net: NetName=DDR_CSN Pin=U1-G10
Removed Pin From Net: NetName=GND Pin=U2-A1
Removed Pin From Net: NetName=GND Pin=U2-A3
Removed Pin From Net: NetName=VDD_1V8 Pin=U2-A7
Removed Pin From Net: NetName=VDD_1V8 Pin=U2-A9
Removed Pin From Net: NetName=VDD_1V8 Pin=U2-B1
Removed Pin From Net: NetName=GND Pin=U2-B9
Removed Pin From Net: NetName=GND Pin=U2-C1
Removed Pin From Net: NetName=VDD_1V8 Pin=U2-C9
Removed Pin From Net: NetName=VDD_1V8 Pin=U2-D1
Removed Pin From Net: NetName=GND Pin=U2-D9
Removed Pin From Net: NetName=GND Pin=U2-E1
Removed Pin From Net: NetName=VDD_1V8 Pin=U2-E9
Removed Pin From Net: NetName=GND Pin=U2-F1
Removed Pin From Net: NetName=VDD_1V8 Pin=U2-F9
Removed Pin From Net: NetName=DDR_CKE Pin=U2-G1
Removed Pin From Net: NetName=DDR_CLK Pin=U2-G2
Removed Pin From Net: NetName=DDR_CLKN Pin=U2-G3
Removed Pin From Net: NetName=DDR_CSN Pin=U2-H7
Removed Pin From Net: NetName=GND Pin=U2-K1
Removed Pin From Net: NetName=VDD_1V8 Pin=U2-K9
Removed Member From Class: ClassName=FlexEMG_v0r0_SF2_DDR Member=U2
