Change Component Designator: Old Designator=C? New Designator=C1
Change Component Designator: Old Designator=C? New Designator=C2
Change Component Designator: Old Designator=C? New Designator=C3
Change Component Designator: Old Designator=C? New Designator=C4
Change Component Designator: Old Designator=C? New Designator=C5
Change Component Designator: Old Designator=C? New Designator=C6
Change Component Designator: Old Designator=C? New Designator=C7
Change Component Designator: Old Designator=C? New Designator=C8
Change Component Designator: Old Designator=C? New Designator=C9
Change Component Designator: Old Designator=C? New Designator=C10
Change Component Designator: Old Designator=C? New Designator=C21
Change Component Designator: Old Designator=C? New Designator=C22
Change Component Designator: Old Designator=CW? New Designator=CW1
Change Component Designator: Old Designator=CW? New Designator=CW2
Change Component Designator: Old Designator=LW? New Designator=LW1
Change Component Designator: Old Designator=PJ? New Designator=PJ1
Change Component Designator: Old Designator=R? New Designator=R1
Change Component Designator: Old Designator=RVREG? New Designator=RVREG1
Change Component Designator: Old Designator=U? New Designator=U2
Change Component Designator: Old Designator=YW? New Designator=YW1
